2026-01-02 22:39:19,626 - RotasGranja - INFO - Banco de dados inicializado com sucesso
2026-01-02 22:40:26,910 - RotasGranja - INFO - Banco de dados inicializado com sucesso
2026-01-02 22:47:36,745 - RotasGranja - INFO - Coluna adicionada em usuarios: usuario
2026-01-02 22:47:36,749 - RotasGranja - INFO - Coluna adicionada em usuarios: senha
2026-01-02 22:47:36,754 - RotasGranja - INFO - Coluna adicionada em usuarios: data_cadastro
2026-01-02 22:47:36,755 - RotasGranja - INFO - Banco de dados inicializado com sucesso
2026-01-02 22:47:36,760 - RotasGranja - INFO - Usuário admin padrão criado
2026-01-02 22:47:36,762 - RotasGranja - INFO - Sistema de backup automático iniciado
2026-01-02 22:54:15,060 - RotasGranja - INFO - Banco de dados inicializado com sucesso
2026-01-02 22:54:15,061 - RotasGranja - INFO - Sistema de backup automático iniciado
2026-01-02 22:55:50,291 - RotasGranja - INFO - Banco de dados inicializado com sucesso
2026-01-02 22:55:50,294 - RotasGranja - INFO - Sistema de backup automático iniciado
2026-01-02 23:00:16,532 - RotasGranja - INFO - Banco de dados inicializado com sucesso
2026-01-02 23:00:16,536 - RotasGranja - INFO - Sistema de backup automático iniciado
2026-01-02 23:00:16,541 - RotasGranja - INFO - Backup criado: backup/banco_backup_20260102_230016.db
2026-01-02 23:03:53,185 - RotasGranja - INFO - Banco de dados inicializado com sucesso
2026-01-02 23:03:53,188 - RotasGranja - INFO - Sistema de backup automático iniciado
2026-01-02 23:09:28,234 - RotasGranja - INFO - Banco de dados inicializado com sucesso
2026-01-02 23:09:28,239 - RotasGranja - INFO - Sistema de backup automático iniciado
2026-01-02 23:44:35,874 - RotasGranja - INFO - Banco de dados inicializado com sucesso
2026-01-02 23:44:35,879 - RotasGranja - INFO - Sistema de backup automático iniciado
